
====================================================
 Bayesian Optimization Algorithm with Decision Graphs
 and an incorporated complexity measure

 Version 1.1 (Released in August 2000)
 Copyright (c) 2000 Martin Pelikan
 Author: Martin Pelikan
-----------------------------------------------
 Parameter values from: input.windfarmlayout
===============================================

Parameter Values:

Description                                                Identifier                 Type       Value
----------------------------------------------------------------------------------------------------------------
Size of the population                                     populationSize             long       1000
Size of offspring to create (% from population)            offspringPercentage        float      50.000000

Number of fitness function to use                          fitnessFunction            int        6 (Wind Farm Layout)
Size of the problem (of one dimension)                     problemSize                int        100

Tournament size (selection pressure)                       tournamentSize             int        4
Maximal Number of Generations to Perform                   maxNumberOfGenerations     long       80
Maximal Number of Fitness Calls (-1 when unbounded)        maxFitnessCalls            long       -1
Termination threshold for the univ. freq. (-1 is ignore)   epsilon                    float      0.010000
Stop if the optimum was found?                             stopWhenFoundOptimum       char       0 (No)
Percentage of opt. & nonopt. ind. threshold (-1 is ignore) maxOptimal                 float      -1.000000

Maximal number of incoming edges in dep. graph for the BOA maxIncoming                int        20
Allow a merge operator?                                    allowMerge                 char       0 (No)

Wait for enter after printing out generation statistics?   pause                      char       0

Output file name                                           outputFile                 char*      Turbines30_100_WR24
Threshold for guidance (closeness to 0,1)                  guidanceThreshold          float      0.300000

Random Seed                                                randSeed                   long       123
--------------------------------------------------------
Generation                   : 0
Fitness evaluations          : 1000
Fitness (max/avg/min)        : (94.101852 91.950248 89.667122)
Population bias              : .....00.00...000000.000..0000...0..0......00.00.00......00....000...0..00.0..000..000..0..0..0000..0
Best solution in the pop.    : Statistic not available.
--------------------------------------------------------
Generation                   : 1
Fitness evaluations          : 1500
Fitness (max/avg/min)        : (94.101852 42.675414 -196.000000)
Population bias              : ........0.....000...000000000...0..0..0.00.000000..00.0000.....000000..00000.00...000..0............
Best solution in the pop.    : Statistic not available.
--------------------------------------------------------
Generation                   : 2
Fitness evaluations          : 2000
Fitness (max/avg/min)        : (94.101852 42.137319 -144.000000)
Population bias              : ...0.........000.....00000000...0.00.00.00.000000...0.00000..00000000..0000000....000000............
Best solution in the pop.    : Statistic not available.
--------------------------------------------------------
Generation                   : 3
Fitness evaluations          : 2500
Fitness (max/avg/min)        : (94.101852 41.083468 -196.000000)
Population bias              : .....00....0.0000...000000000...0000.00..00000000..00000000....000000..00000.00...000000............
Best solution in the pop.    : Statistic not available.
--------------------------------------------------------
Generation                   : 4
Fitness evaluations          : 3000
Fitness (max/avg/min)        : (94.374748 42.555009 -196.000000)
Population bias              : ..............00....000000000...0.00000..00000000..00000000..0.000000..0000..00...000000............
Best solution in the pop.    : Statistic not available.
--------------------------------------------------------
Generation                   : 5
Fitness evaluations          : 3500
Fitness (max/avg/min)        : (94.374748 42.384345 -225.000000)
Population bias              : .....0........000...000.00000...0.000.0..00000000..00000000..0.00.000..0000.000...000000............
Best solution in the pop.    : Statistic not available.
--------------------------------------------------------
Generation                   : 6
Fitness evaluations          : 4000
Fitness (max/avg/min)        : (94.374748 43.086971 -121.000000)
Population bias              : ...0.0........000...000.00000...0.000.0..00000000..00000000..00.0.000..0000..00...000000............
Best solution in the pop.    : Statistic not available.
--------------------------------------------------------
Generation                   : 7
Fitness evaluations          : 4500
Fitness (max/avg/min)        : (94.374748 42.878368 -144.000000)
Population bias              : ..............00....000.00000...0.00000..00000000..00000.00..0.00.000..0000.000...000000............
Best solution in the pop.    : Statistic not available.
--------------------------------------------------------
Generation                   : 8
Fitness evaluations          : 5000
Fitness (max/avg/min)        : (94.374748 43.473574 -169.000000)
Population bias              : .....0........00.....00.00000...0.000.0.000000000...0000000..0..0.000..0000.000..0000000............
Best solution in the pop.    : Statistic not available.
--------------------------------------------------------
Generation                   : 9
Fitness evaluations          : 5500
Fitness (max/avg/min)        : (94.374748 43.342543 -144.000000)
Population bias              : .....0....0...0000...00.00000.0.0000000..00000000..00000000..0000.000..0000.000.0.000000............
Best solution in the pop.    : Statistic not available.
--------------------------------------------------------
Generation                   : 10
Fitness evaluations          : 6000
Fitness (max/avg/min)        : (94.374748 42.627090 -196.000000)
Population bias              : .....0........00.....00.00000.0.00000.0..00000000..00000.00..0..000.0..0000.000...000000............
Best solution in the pop.    : Statistic not available.
--------------------------------------------------------
Generation                   : 11
Fitness evaluations          : 6500
Fitness (max/avg/min)        : (94.374748 43.788534 -121.000000)
Population bias              : ...0.0........00.....00.00000.0.00000.0.000000000...0000000..00.000.0..0000.000.00000000............
Best solution in the pop.    : Statistic not available.
--------------------------------------------------------
Generation                   : 12
Fitness evaluations          : 7000
Fitness (max/avg/min)        : (94.443947 44.743307 -169.000000)
Population bias              : ...0..........0000..000.00000.0.0000000..00000000...0000000..00.000.0..0000.000.0.000000............
Best solution in the pop.    : Statistic not available.
--------------------------------------------------------
Generation                   : 13
Fitness evaluations          : 7500
Fitness (max/avg/min)        : (94.443947 45.205815 -169.000000)
Population bias              : ..............00.0..000.00000.0.00000.0.000000000...0000000..00.00000..0000.000.0.000000............
Best solution in the pop.    : Statistic not available.
--------------------------------------------------------
Generation                   : 14
Fitness evaluations          : 8000
Fitness (max/avg/min)        : (94.480087 45.720890 -196.000000)
Population bias              : .....0.......000.0..000.00000.0.0000000..00000000...0000000..00.000.0..0000.000.0.00.0.0............
Best solution in the pop.    : Statistic not available.
--------------------------------------------------------
Generation                   : 15
Fitness evaluations          : 8500
Fitness (max/avg/min)        : (94.480087 45.902455 -144.000000)
Population bias              : ..............00.00.000.00000.0.000.000.000000000...0000000..00.00000..0000.000.0.00.000............
Best solution in the pop.    : Statistic not available.
--------------------------------------------------------
Generation                   : 16
Fitness evaluations          : 9000
Fitness (max/avg/min)        : (94.480087 46.381174 -121.000000)
Population bias              : ..............00.00.000.00000.0..000000.000000000...0000000.000.000.0..0000.00000.00.000............
Best solution in the pop.    : Statistic not available.
--------------------------------------------------------
Generation                   : 17
Fitness evaluations          : 9500
Fitness (max/avg/min)        : (94.480087 46.134419 -121.000000)
Population bias              : .............000.00.000.00000.0..000000..00.00000...00000000000.00000..0000.000.0.00.0.0............
Best solution in the pop.    : Statistic not available.
--------------------------------------------------------
Generation                   : 18
Fitness evaluations          : 10000
Fitness (max/avg/min)        : (94.615707 45.980684 -81.000000)
Population bias              : ..............00000.000000000.0.0000000.000000000...00000000.00.00000..0000.00000.00.000............
Best solution in the pop.    : Statistic not available.
--------------------------------------------------------
Generation                   : 19
Fitness evaluations          : 10500
Fitness (max/avg/min)        : (94.887085 45.883592 -121.000000)
Population bias              : ..............00.00.00000000000.000.000.000000000...00000000000.00000..0000000000.00.000............
Best solution in the pop.    : Statistic not available.
--------------------------------------------------------
Generation                   : 20
Fitness evaluations          : 11000
Fitness (max/avg/min)        : (94.887085 47.651254 -100.000000)
Population bias              : ..............00.00.000000000.0.0000000.000000000...0000.000000.00000..0000.00000.00.0.0............
Best solution in the pop.    : Statistic not available.
--------------------------------------------------------
Generation                   : 21
Fitness evaluations          : 11500
Fitness (max/avg/min)        : (94.887085 46.938180 -100.000000)
Population bias              : ..............00.00..0000000000.000.000.000000000...00000000000.00000..00000000.0.00.000............
Best solution in the pop.    : Statistic not available.
--------------------------------------------------------
Generation                   : 22
Fitness evaluations          : 12000
Fitness (max/avg/min)        : (94.887085 47.251201 -121.000000)
Population bias              : ..............00.00..00000000.0.000.000.000000000...0000.000000.00000..0000000000.00.000............
Best solution in the pop.    : Statistic not available.
--------------------------------------------------------
Generation                   : 23
Fitness evaluations          : 12500
Fitness (max/avg/min)        : (94.887085 47.449983 -100.000000)
Population bias              : ..............00.00.000000000.0.000.000.000000000...00000000000000000..0000000000000.000............
Best solution in the pop.    : Statistic not available.
--------------------------------------------------------
Generation                   : 24
Fitness evaluations          : 13000
Fitness (max/avg/min)        : (94.953674 48.160085 -81.000000)
Population bias              : ..............00.00.00000000000.0000000.000000000...00000000000.00000..0000000.00000.000...........1
Best solution in the pop.    : Statistic not available.
--------------------------------------------------------
Generation                   : 25
Fitness evaluations          : 13500
Fitness (max/avg/min)        : (94.953674 48.753423 -81.000000)
Population bias              : ..............00.00.00000000000.0000000.000000000...00000000000000000...000000000000.000...........1
Best solution in the pop.    : Statistic not available.
--------------------------------------------------------
Generation                   : 26
Fitness evaluations          : 14000
Fitness (max/avg/min)        : (94.976318 48.293466 -81.000000)
Population bias              : ..............00.00.00000000000.000000..000000000...00000000000000000..00000000000.0.000............
Best solution in the pop.    : Statistic not available.
--------------------------------------------------------
Generation                   : 27
Fitness evaluations          : 14500
Fitness (max/avg/min)        : (94.976318 48.847470 -121.000000)
Population bias              : ..............00.00.00000000000..00.000..00000000...00000000000000000..00000000000.0.000...........1
Best solution in the pop.    : Statistic not available.
--------------------------------------------------------
Generation                   : 28
Fitness evaluations          : 15000
Fitness (max/avg/min)        : (94.976318 49.594975 -121.000000)
Population bias              : ............0.00000.00000000000.000000..000.00000...00000000000000000..00000000..0.0.000...........1
Best solution in the pop.    : Statistic not available.
--------------------------------------------------------
Generation                   : 29
Fitness evaluations          : 15500
Fitness (max/avg/min)        : (95.045692 49.649686 -100.000000)
Population bias              : ............0.00.00.00000000000..00000..000000000...00000000000.00000.000000000.00.0.000...........1
Best solution in the pop.    : Statistic not available.
--------------------------------------------------------
Generation                   : 30
Fitness evaluations          : 16000
Fitness (max/avg/min)        : (95.045692 48.724132 -64.000000)
Population bias              : ............0.00.00.00000000000.000000..000000000...00000000000.00000.000000000.00.0.000...........1
Best solution in the pop.    : Statistic not available.
--------------------------------------------------------
Generation                   : 31
Fitness evaluations          : 16500
Fitness (max/avg/min)        : (95.137215 49.072135 -81.000000)
Population bias              : ............0.00000..0000000000.000000...00000000...00000000000.00000.0.0000000.00.0.000...........1
Best solution in the pop.    : Statistic not available.
--------------------------------------------------------
Generation                   : 32
Fitness evaluations          : 17000
Fitness (max/avg/min)        : (95.329788 49.144138 -81.000000)
Population bias              : ............0.00000.00000000000.000000...00000000...00000000000.00000.0.0000000.00.0.000.0.........1
Best solution in the pop.    : Statistic not available.
--------------------------------------------------------
Generation                   : 33
Fitness evaluations          : 17500
Fitness (max/avg/min)        : (95.329788 49.304730 -64.000000)
Population bias              : ............0.00.00.00000000000.000000...00000000...00000000000.00000.0.0000000.00.0.000.01........1
Best solution in the pop.    : Statistic not available.
--------------------------------------------------------
Generation                   : 34
Fitness evaluations          : 18000
Fitness (max/avg/min)        : (95.329788 49.347001 -64.000000)
Population bias              : ............0.00000.00000000000.000000..000000000...00000000000.00000.0.0000000.00.0.000.01........1
Best solution in the pop.    : Statistic not available.
--------------------------------------------------------
Generation                   : 35
Fitness evaluations          : 18500
Fitness (max/avg/min)        : (95.329788 51.502030 -64.000000)
Population bias              : ............0.00000.00000000000.000000...00.00000...00000000000.00000.0.0000000.00.0.000.01........1
Best solution in the pop.    : Statistic not available.
--------------------------------------------------------
Generation                   : 36
Fitness evaluations          : 19000
Fitness (max/avg/min)        : (95.329788 51.513408 -81.000000)
Population bias              : .........1..0.00000.00000000000.000000...0..00000...00000000000.00000.000000000.00.0.000...........1
Best solution in the pop.    : Statistic not available.
--------------------------------------------------------
Generation                   : 37
Fitness evaluations          : 19500
Fitness (max/avg/min)        : (95.329788 49.913821 -49.000000)
Population bias              : .........1..0.00000000000000000.00.0000.000000000...00000000000.00000.000000000.0000.000.01........1
Best solution in the pop.    : Statistic not available.
--------------------------------------------------------
Generation                   : 38
Fitness evaluations          : 20000
Fitness (max/avg/min)        : (95.338623 50.352447 -64.000000)
Population bias              : .......1.1..0.00000000000000000.000000...00.00000...00000000000.00000.000000000.0000.000.011.1.....1
Best solution in the pop.    : Statistic not available.
--------------------------------------------------------
Generation                   : 39
Fitness evaluations          : 20500
Fitness (max/avg/min)        : (95.536568 51.640210 -81.000000)
Population bias              : ..1....1.1..0.00000000000000000.000000...00.00000...00000000000.00000.000000000.0000.000.011.1.....1
Best solution in the pop.    : Statistic not available.
--------------------------------------------------------
Generation                   : 40
Fitness evaluations          : 21000
Fitness (max/avg/min)        : (95.536568 51.723895 -100.000000)
Population bias              : .........1..0.00000000000000000.000000...0..00000...00.0.000000.00000.000000000.0000.000.011.1.....1
Best solution in the pop.    : Statistic not available.
--------------------------------------------------------
Generation                   : 41
Fitness evaluations          : 21500
Fitness (max/avg/min)        : (95.536568 51.719490 -64.000000)
Population bias              : .......1.1..0.00000000000000000..00000...00.00000...000..000000.00000.000000000.00.0.000.011.1.....1
Best solution in the pop.    : Statistic not available.
--------------------------------------------------------
Generation                   : 42
Fitness evaluations          : 22000
Fitness (max/avg/min)        : (95.536568 52.723438 -49.000000)
Population bias              : ..1....1.1..0.0000000000.000000..00000...00.00000...00000000000.00000.000000000.0000.000.011.1.....1
Best solution in the pop.    : Statistic not available.
--------------------------------------------------------
Generation                   : 43
Fitness evaluations          : 22500
Fitness (max/avg/min)        : (95.536568 51.497983 -49.000000)
Population bias              : ..1....111..0.00000000000000000..00000...00.00000...00000000000.00000.000000000.0000.000.011.1.....1
Best solution in the pop.    : Statistic not available.
--------------------------------------------------------
Generation                   : 44
Fitness evaluations          : 23000
Fitness (max/avg/min)        : (95.536568 53.124922 -49.000000)
Population bias              : ..1....111..0.00000000000000000..00000...00.00000...0000.000000.00000.000000000.0000.000.011.1.....1
Best solution in the pop.    : Statistic not available.
--------------------------------------------------------
Generation                   : 45
Fitness evaluations          : 23500
Fitness (max/avg/min)        : (95.735046 54.536598 -81.000000)
Population bias              : ..1.1..111..0.00000000000000000..00000...00.00000...00000000000.00000.000000000.0000.000.011.1.....1
Best solution in the pop.    : Statistic not available.
--------------------------------------------------------
Generation                   : 46
Fitness evaluations          : 24000
Fitness (max/avg/min)        : (95.735046 52.892089 -49.000000)
Population bias              : ..1.1..111..0.00000000000000000..00000..000.00000...00000000000.00000.000000000.0000.000.011.1.....1
Best solution in the pop.    : Statistic not available.
--------------------------------------------------------
Generation                   : 47
Fitness evaluations          : 24500
Fitness (max/avg/min)        : (95.735046 53.807677 -64.000000)
Population bias              : ..1.1.1111..0.00000000000000000..00000...00.00000...00000000000.00000.000000000.0000.0000011.1...1.1
Best solution in the pop.    : Statistic not available.
--------------------------------------------------------
Generation                   : 48
Fitness evaluations          : 25000
Fitness (max/avg/min)        : (95.831047 51.016661 -81.000000)
Population bias              : ..1.1..111..0.00000000000000000..00000...00.00000...0000.000000.00000.000000000.0000.0000011.1...1.1
Best solution in the pop.    : Statistic not available.
--------------------------------------------------------
Generation                   : 49
Fitness evaluations          : 25500
Fitness (max/avg/min)        : (95.831047 54.516740 -49.000000)
Population bias              : ..1.111111..0.00000000000000000..00000...00.00000...0000.000000.00000.000000000.0000.0000011.1...1.1
Best solution in the pop.    : Statistic not available.
--------------------------------------------------------
Generation                   : 50
Fitness evaluations          : 26000
Fitness (max/avg/min)        : (95.831047 54.284735 -64.000000)
Population bias              : ..1.111111..0.00000000000000000..00000...00.00000...0000.000000.00000.000000000.0000.0000011.1...1.1
Best solution in the pop.    : Statistic not available.
--------------------------------------------------------
Generation                   : 51
Fitness evaluations          : 26500
Fitness (max/avg/min)        : (95.856476 54.884319 -36.000000)
Population bias              : ..1.111111..0.00000000000000000..00000..000000000...000..000000.00000.000000000.0000.0000011.1...1.1
Best solution in the pop.    : Statistic not available.
--------------------------------------------------------
Generation                   : 52
Fitness evaluations          : 27000
Fitness (max/avg/min)        : (96.045609 57.655300 -36.000000)
Population bias              : ..1.111111..0.00000000000000000..00000..000000000...0000.000000.00000.000000000.0000.000001111...1.1
Best solution in the pop.    : Statistic not available.
--------------------------------------------------------
Generation                   : 53
Fitness evaluations          : 27500
Fitness (max/avg/min)        : (96.045609 56.552128 -49.000000)
Population bias              : ..1.111111..0000000000000000000..00000..000000000.1.0000.000000.00000.000000000.0000.000001111...1.1
Best solution in the pop.    : Statistic not available.
--------------------------------------------------------
Generation                   : 54
Fitness evaluations          : 28000
Fitness (max/avg/min)        : (96.045609 56.828217 -36.000000)
Population bias              : ..1.111111..0000000000000000000..00000..000000000.110000.000000.00000.00000000..0000.000001111...1.1
Best solution in the pop.    : Statistic not available.
--------------------------------------------------------
Generation                   : 55
Fitness evaluations          : 28500
Fitness (max/avg/min)        : (96.045609 57.681177 -36.000000)
Population bias              : ..1.111111..0.00000000000000000..00000..000000000.110000.000000.00000.00000000..0000.000001111...1.1
Best solution in the pop.    : Statistic not available.
--------------------------------------------------------
Generation                   : 56
Fitness evaluations          : 29000
Fitness (max/avg/min)        : (96.045609 58.080862 -25.000000)
Population bias              : ..1.111111..0000000000000000000..00000..000000000.110000.000000.00000.00000000..0000.000001111...1.1
Best solution in the pop.    : Statistic not available.
--------------------------------------------------------
Generation                   : 57
Fitness evaluations          : 29500
Fitness (max/avg/min)        : (96.045609 59.028464 -25.000000)
Population bias              : ..1.111111..0000000000000000000..00000..000000000.110000.000000.00000.00000000..0000.000001111...1.1
Best solution in the pop.    : Statistic not available.
--------------------------------------------------------
Generation                   : 58
Fitness evaluations          : 30000
Fitness (max/avg/min)        : (96.065437 61.308273 -16.000000)
Population bias              : ..1.111111..0000000000000000000..00000..000000000.110000.000000.00000.00000000..0000.000.01111...1.1
Best solution in the pop.    : Statistic not available.
--------------------------------------------------------
Generation                   : 59
Fitness evaluations          : 30500
Fitness (max/avg/min)        : (96.095001 62.434577 -36.000000)
Population bias              : ..11111111..0000000000000000000..00000..000000000.110000.000000.00000.000000000.0000.000.01111.1.1.1
Best solution in the pop.    : Statistic not available.
--------------------------------------------------------
Generation                   : 60
Fitness evaluations          : 31000
Fitness (max/avg/min)        : (96.128288 63.509161 -16.000000)
Population bias              : ..11111111..0000000000000000000..00000..000000000.110000.000000.00000.000000000.0000.000001111.11111
Best solution in the pop.    : Statistic not available.
--------------------------------------------------------
Generation                   : 61
Fitness evaluations          : 31500
Fitness (max/avg/min)        : (96.196030 64.428181 -16.000000)
Population bias              : .111111111.00000000000000000000..00000..000000000.110000.000000.00000.000000000.0000.000001111.11111
Best solution in the pop.    : Statistic not available.
--------------------------------------------------------
Generation                   : 62
Fitness evaluations          : 32000
Fitness (max/avg/min)        : (96.221992 66.871137 -16.000000)
Population bias              : .111111111.000000000.00000000000.00000..000000000.1100001000000.00000.000000000.0000.000001111.11111
Best solution in the pop.    : Statistic not available.
--------------------------------------------------------
Generation                   : 63
Fitness evaluations          : 32500
Fitness (max/avg/min)        : (96.242035 72.370449 -16.000000)
Population bias              : .111111111.000000000.00000000000100000..000000000.1100001000000.00000.000000000.00000000.011111111.1
Best solution in the pop.    : Statistic not available.
--------------------------------------------------------
Generation                   : 64
Fitness evaluations          : 33000
Fitness (max/avg/min)        : (96.242035 79.284285 -4.000000)
Population bias              : 11111111110000000000.00000000000100000..00000.000.11000.1000000.000000000000000100000000.011111111.1
Best solution in the pop.    : Statistic not available.
--------------------------------------------------------
Generation                   : 65
Fitness evaluations          : 33500
Fitness (max/avg/min)        : (96.242035 87.219696 -9.000000)
Population bias              : 111111111100000000001000000000001000001.00000.000.11000.1000000.000000000000000100000000.011111111.1
Best solution in the pop.    : Statistic not available.
--------------------------------------------------------
Generation                   : 66
Fitness evaluations          : 34000
Fitness (max/avg/min)        : (96.242035 92.849722 -4.000000)
Population bias              : 111111111100000000001000000000001000001.00000.000.110.0.1000000.000000000000000100000000.011111111.1
Best solution in the pop.    : Statistic not available.
--------------------------------------------------------
Generation                   : 67
Fitness evaluations          : 34500
Fitness (max/avg/min)        : (96.244125 95.227143 -1.000000)
Population bias              : 111111111100000000001000000000001000001.000001000.110.001000000.000000000000000100000000001111111111
Best solution in the pop.    : Statistic not available.
--------------------------------------------------------
Generation                   : 68
Fitness evaluations          : 35000
Fitness (max/avg/min)        : (96.255020 95.642832 -1.000000)
Population bias              : 111111111100000000001000000000001000001.000001000.11010010000000000000000000000100000000001111111111
Best solution in the pop.    : Statistic not available.
--------------------------------------------------------
Generation                   : 69
Fitness evaluations          : 35500
Fitness (max/avg/min)        : 